<?xml version="1.0" encoding="UTF-8"?>
<!-- Generated by org.testng.reporters.JUnitXMLReporter -->
<testsuite ignored="0" hostname="LAPTOP-2G1KRFRE" failures="0" tests="4" name="Default test" time="47.599" errors="0" timestamp="2022-07-18T15:56:56 IST">
  <testcase classname="testcases.ScreenImplementation" name="Login" time="6.306"/>
  <testcase classname="testcases.ScreenImplementation" name="ClientSelection" time="11.231"/>
  <testcase classname="testcases.ScreenImplementation" name="ScanUnit" time="12.156"/>
  <testcase classname="testcases.ScreenImplementation" name="Screen_Title" time="7.04"/>
</testsuite> <!-- Default test -->
