<?xml version="1.0" encoding="UTF-8"?>
<!-- Generated by org.testng.reporters.JUnitXMLReporter -->
<testsuite ignored="8" hostname="LAPTOP-2G1KRFRE" failures="1" tests="8" name="HPFunctionalTest" time="82.261" errors="0" timestamp="2022-01-19T15:13:33 IST">
  <testcase classname="testcases.IvyLogin" name="LoginApp" time="6.341"/>
  <testcase classname="testcases.ClientSelect" name="Location" time="12.058"/>
  <testcase classname="testcases.ClientSelect" name="Client" time="2.089"/>
  <testcase classname="testcases.ClientSelect" name="Openratiom" time="0.082"/>
  <testcase classname="testcases.ScanUnit" name="UnitScan" time="14.148"/>
  <testcase classname="testcases.ScreenTitle" name="screen_title" time="0.027"/>
  <testcase classname="testcases.ScreenImplementation" name="Screen" time="4.135">
    <failure type="org.openqa.selenium.ElementNotInteractableException" message="element not interactable
  (Session info: chrome=97.0.4692.71)
Build info: version: &amp;apos;4.1.1&amp;apos;, revision: &amp;apos;e8fcc2cecf&amp;apos;
System info: host: &amp;apos;LAPTOP-2G1KRFRE&amp;apos;, ip: &amp;apos;192.168.0.6&amp;apos;, os.name: &amp;apos;Windows 10&amp;apos;, os.arch: &amp;apos;amd64&amp;apos;, os.version: &amp;apos;10.0&amp;apos;, java.version: &amp;apos;17.0.1&amp;apos;
Driver info: org.openqa.selenium.chrome.ChromeDriver
Command: [b819d41678b0c09cc37d98b35669782a, clickElement {id=3ced8776-f9a1-490e-8cc5-8ee91bc44a0b}]
Capabilities {acceptInsecureCerts: false, browserName: chrome, browserVersion: 97.0.4692.71, chrome: {chromedriverVersion: 97.0.4692.71 (adefa7837d02a..., userDataDir: C:\Users\WALKIN~1\AppData\L...}, goog:chromeOptions: {debuggerAddress: localhost:54763}, javascriptEnabled: true, networkConnectionEnabled: false, pageLoadStrategy: normal, platform: WINDOWS, platformName: WINDOWS, proxy: Proxy(), se:cdp: ws://localhost:54763/devtoo..., se:cdpVersion: 97.0.4692.71, setWindowRect: true, strictFileInteractability: false, timeouts: {implicit: 0, pageLoad: 300000, script: 30000}, unhandledPromptBehavior: dismiss and notify, webauthn:extension:credBlob: true, webauthn:extension:largeBlob: true, webauthn:virtualAuthenticators: true}
Element: [[ChromeDriver: chrome on WINDOWS (b819d41678b0c09cc37d98b35669782a)] -&amp;gt; xpath: //*[@id=&amp;quot;mat-checkbox-1&amp;quot;]/label/div]
Session ID: b819d41678b0c09cc37d98b35669782a">
      <![CDATA[org.openqa.selenium.ElementNotInteractableException: element not interactable
  (Session info: chrome=97.0.4692.71)
Build info: version: '4.1.1', revision: 'e8fcc2cecf'
System info: host: 'LAPTOP-2G1KRFRE', ip: '192.168.0.6', os.name: 'Windows 10', os.arch: 'amd64', os.version: '10.0', java.version: '17.0.1'
Driver info: org.openqa.selenium.chrome.ChromeDriver
Command: [b819d41678b0c09cc37d98b35669782a, clickElement {id=3ced8776-f9a1-490e-8cc5-8ee91bc44a0b}]
Capabilities {acceptInsecureCerts: false, browserName: chrome, browserVersion: 97.0.4692.71, chrome: {chromedriverVersion: 97.0.4692.71 (adefa7837d02a..., userDataDir: C:\Users\WALKIN~1\AppData\L...}, goog:chromeOptions: {debuggerAddress: localhost:54763}, javascriptEnabled: true, networkConnectionEnabled: false, pageLoadStrategy: normal, platform: WINDOWS, platformName: WINDOWS, proxy: Proxy(), se:cdp: ws://localhost:54763/devtoo..., se:cdpVersion: 97.0.4692.71, setWindowRect: true, strictFileInteractability: false, timeouts: {implicit: 0, pageLoad: 300000, script: 30000}, unhandledPromptBehavior: dismiss and notify, webauthn:extension:credBlob: true, webauthn:extension:largeBlob: true, webauthn:virtualAuthenticators: true}
Element: [[ChromeDriver: chrome on WINDOWS (b819d41678b0c09cc37d98b35669782a)] -> xpath: //*[@id="mat-checkbox-1"]/label/div]
Session ID: b819d41678b0c09cc37d98b35669782a
at org.openqa.selenium.remote.codec.w3c.W3CHttpResponseCodec.createException(W3CHttpResponseCodec.java:200)
at org.openqa.selenium.remote.codec.w3c.W3CHttpResponseCodec.decode(W3CHttpResponseCodec.java:133)
at org.openqa.selenium.remote.codec.w3c.W3CHttpResponseCodec.decode(W3CHttpResponseCodec.java:53)
at org.openqa.selenium.remote.HttpCommandExecutor.execute(HttpCommandExecutor.java:184)
at org.openqa.selenium.remote.service.DriverCommandExecutor.invokeExecute(DriverCommandExecutor.java:167)
at org.openqa.selenium.remote.service.DriverCommandExecutor.execute(DriverCommandExecutor.java:142)
at org.openqa.selenium.remote.RemoteWebDriver.execute(RemoteWebDriver.java:543)
at org.openqa.selenium.remote.RemoteWebElement.execute(RemoteWebElement.java:251)
at org.openqa.selenium.remote.RemoteWebElement.click(RemoteWebElement.java:77)
at testcases.BurnIn.InitalAssessment(BurnIn.java:26)
at testcases.ScreenImplementation.Screen(ScreenImplementation.java:12)
at java.base/java.util.ArrayList.forEach(ArrayList.java:1511)
... Removed 32 stack frames]]>
    </failure>
  </testcase> <!-- Screen -->
  <testcase classname="testcases.ScreenTitle" name="screen_title" time="0.026"/>
  <testcase classname="base.BasicBaseFile" name="@AfterTest teardown" time="0.0">
    <ignored/>
  </testcase> <!-- @AfterTest teardown -->
  <testcase classname="base.BasicBaseFile" name="@AfterTest teardown" time="0.0">
    <ignored/>
  </testcase> <!-- @AfterTest teardown -->
  <testcase classname="base.BasicBaseFile" name="@AfterTest teardown" time="0.0">
    <ignored/>
  </testcase> <!-- @AfterTest teardown -->
  <testcase classname="base.BasicBaseFile" name="@AfterTest teardown" time="0.0">
    <ignored/>
  </testcase> <!-- @AfterTest teardown -->
  <testcase classname="base.BasicBaseFile" name="@BeforeTest setUP" time="0.0">
    <ignored/>
  </testcase> <!-- @BeforeTest setUP -->
  <testcase classname="base.BasicBaseFile" name="@BeforeTest setUP" time="0.0">
    <ignored/>
  </testcase> <!-- @BeforeTest setUP -->
  <testcase classname="base.BasicBaseFile" name="@BeforeTest setUP" time="0.0">
    <ignored/>
  </testcase> <!-- @BeforeTest setUP -->
  <testcase classname="base.BasicBaseFile" name="@BeforeTest setUP" time="0.0">
    <ignored/>
  </testcase> <!-- @BeforeTest setUP -->
</testsuite> <!-- HPFunctionalTest -->
