<?xml version="1.0" encoding="UTF-8"?>
<!-- Generated by org.testng.reporters.JUnitXMLReporter -->
<testsuite ignored="6" hostname="LAPTOP-2G1KRFRE" failures="0" tests="6" name="LogInFunctionalTest" time="38.106" errors="0" timestamp="2022-07-20T17:38:33 IST">
  <testcase classname="testcases.IvyLogin" name="LoginApp" time="6.361"/>
  <testcase classname="testcases.ClientSelect" name="Location" time="11.089"/>
  <testcase classname="testcases.ClientSelect" name="Client_Selection" time="0.148"/>
  <testcase classname="testcases.ClientSelect" name="Client_Operation" time="0.103"/>
  <testcase classname="testcases.ScanUnit" name="UnitScan" time="12.245"/>
  <testcase classname="testcases.ScreenTitle" name="screen_title" time="8.069"/>
  <testcase classname="base.BasicBaseFile" name="@AfterTest teardown" time="0.0">
    <ignored/>
  </testcase> <!-- @AfterTest teardown -->
  <testcase classname="base.BasicBaseFile" name="@AfterTest teardown" time="0.0">
    <ignored/>
  </testcase> <!-- @AfterTest teardown -->
  <testcase classname="base.BasicBaseFile" name="@AfterTest teardown" time="0.0">
    <ignored/>
  </testcase> <!-- @AfterTest teardown -->
  <testcase classname="base.BasicBaseFile" name="@BeforeSuite setUP" time="0.0">
    <ignored/>
  </testcase> <!-- @BeforeSuite setUP -->
  <testcase classname="base.BasicBaseFile" name="@BeforeSuite setUP" time="0.0">
    <ignored/>
  </testcase> <!-- @BeforeSuite setUP -->
  <testcase classname="base.BasicBaseFile" name="@BeforeSuite setUP" time="0.0">
    <ignored/>
  </testcase> <!-- @BeforeSuite setUP -->
</testsuite> <!-- LogInFunctionalTest -->
